
> angular-ui@0.0.0 start
> ng serve

‚ùØ Building...
‚úî Building...
Initial chunk files | Names         | Raw size
main.js             | main          | 84.76 kB |
styles.css          | styles        |  1.50 kB |
polyfills.js        | polyfills     | 95 bytes |

                    | Initial total | 86.35 kB

Application bundle generation complete. [3.143 seconds]

Watch mode enabled. Watching for file changes...
NOTE: Raw file sizes do not reflect development server per-request transformations.
  ‚ûú  Local:   http://localhost:4200/
‚ùØ Changes detected. Rebuilding...
‚úî Changes detected. Rebuilding...
Initial chunk files | Names  | Raw size
styles.css          | styles |  2.76 kB |

Application bundle generation complete. [0.024 seconds]

Stylesheet update sent to client(s).
‚ùØ Changes detected. Rebuilding...
‚úî Changes detected. Rebuilding...
Application bundle generation failed. [0.670 seconds]

[31m‚úò [41;31m[[41;97mERROR[41;31m][0m [1mNG8002: Can't bind to 'routerLinkActiveOptions' since it isn't a known property of 'a'.[0m [1m[35m[plugin angular-compiler][0m

    src/app/app.html:15:50:
[37m      15 ‚îÇ ...e="active" [32m[routerLinkActiveOptions]="{exact: true}"[37m class="nav...
         ‚ïµ               [32m~~~~~~~~~~~~~~~~~~~~~~~~~~~~~~~~~~~~~~~~~[0m

  Error occurs in the template of component AppComponent.

    src/app/app.ts:8:15:
[37m      8 ‚îÇ   templateUrl: [32m'./app.html'[37m,
        ‚ïµ                [32m~~~~~~~~~~~~[0m


[31m‚úò [41;31m[[41;97mERROR[41;31m][0m [1mNG8002: Can't bind to 'routerLinkActiveOptions' since it isn't a known property of 'a'.[0m [1m[35m[plugin angular-compiler][0m

    src/app/app.html:33:46:
[37m      33 ‚îÇ ...e="active" [32m[routerLinkActiveOptions]="{exact: true}"[37m class="mob...
         ‚ïµ               [32m~~~~~~~~~~~~~~~~~~~~~~~~~~~~~~~~~~~~~~~~~[0m

  Error occurs in the template of component AppComponent.

    src/app/app.ts:8:15:
[37m      8 ‚îÇ   templateUrl: [32m'./app.html'[37m,
        ‚ïµ                [32m~~~~~~~~~~~~[0m


‚ùØ Changes detected. Rebuilding...
‚úî Changes detected. Rebuilding...
Application bundle generation failed. [0.704 seconds]

[31m‚úò [41;31m[[41;97mERROR[41;31m][0m [1mNG8002: Can't bind to 'routerLinkActiveOptions' since it isn't a known property of 'a'.[0m [1m[35m[plugin angular-compiler][0m

    src/app/app.html:15:50:
[37m      15 ‚îÇ ...e="active" [32m[routerLinkActiveOptions]="{exact: true}"[37m class="nav...
         ‚ïµ               [32m~~~~~~~~~~~~~~~~~~~~~~~~~~~~~~~~~~~~~~~~~[0m

  Error occurs in the template of component AppComponent.

    src/app/app.ts:8:15:
[37m      8 ‚îÇ   templateUrl: [32m'./app.html'[37m,
        ‚ïµ                [32m~~~~~~~~~~~~[0m


[31m‚úò [41;31m[[41;97mERROR[41;31m][0m [1mNG8002: Can't bind to 'routerLinkActiveOptions' since it isn't a known property of 'a'.[0m [1m[35m[plugin angular-compiler][0m

    src/app/app.html:33:46:
[37m      33 ‚îÇ ...e="active" [32m[routerLinkActiveOptions]="{exact: true}"[37m class="mob...
         ‚ïµ               [32m~~~~~~~~~~~~~~~~~~~~~~~~~~~~~~~~~~~~~~~~~[0m

  Error occurs in the template of component AppComponent.

    src/app/app.ts:8:15:
[37m      8 ‚îÇ   templateUrl: [32m'./app.html'[37m,
        ‚ïµ                [32m~~~~~~~~~~~~[0m


‚ùØ Changes detected. Rebuilding...
‚úî Changes detected. Rebuilding...
Application bundle generation failed. [0.482 seconds]

[31m‚úò [41;31m[[41;97mERROR[41;31m][0m [1mNG8002: Can't bind to 'routerLinkActiveOptions' since it isn't a known property of 'a'.[0m [1m[35m[plugin angular-compiler][0m

    src/app/app.html:15:50:
[37m      15 ‚îÇ ...e="active" [32m[routerLinkActiveOptions]="{exact: true}"[37m class="nav...
         ‚ïµ               [32m~~~~~~~~~~~~~~~~~~~~~~~~~~~~~~~~~~~~~~~~~[0m

  Error occurs in the template of component AppComponent.

    src/app/app.ts:8:15:
[37m      8 ‚îÇ   templateUrl: [32m'./app.html'[37m,
        ‚ïµ                [32m~~~~~~~~~~~~[0m


[31m‚úò [41;31m[[41;97mERROR[41;31m][0m [1mNG8002: Can't bind to 'routerLinkActiveOptions' since it isn't a known property of 'a'.[0m [1m[35m[plugin angular-compiler][0m

    src/app/app.html:33:46:
[37m      33 ‚îÇ ...e="active" [32m[routerLinkActiveOptions]="{exact: true}"[37m class="mob...
         ‚ïµ               [32m~~~~~~~~~~~~~~~~~~~~~~~~~~~~~~~~~~~~~~~~~[0m

  Error occurs in the template of component AppComponent.

    src/app/app.ts:8:15:
[37m      8 ‚îÇ   templateUrl: [32m'./app.html'[37m,
        ‚ïµ                [32m~~~~~~~~~~~~[0m


‚ùØ Changes detected. Rebuilding...
‚úî Changes detected. Rebuilding...
Application bundle generation failed. [0.410 seconds]

[31m‚úò [41;31m[[41;97mERROR[41;31m][0m [1mNG8002: Can't bind to 'routerLinkActiveOptions' since it isn't a known property of 'a'.[0m [1m[35m[plugin angular-compiler][0m

    src/app/app.html:15:50:
[37m      15 ‚îÇ ...e="active" [32m[routerLinkActiveOptions]="{exact: true}"[37m class="nav...
         ‚ïµ               [32m~~~~~~~~~~~~~~~~~~~~~~~~~~~~~~~~~~~~~~~~~[0m

  Error occurs in the template of component AppComponent.

    src/app/app.ts:8:15:
[37m      8 ‚îÇ   templateUrl: [32m'./app.html'[37m,
        ‚ïµ                [32m~~~~~~~~~~~~[0m


[31m‚úò [41;31m[[41;97mERROR[41;31m][0m [1mNG8002: Can't bind to 'routerLinkActiveOptions' since it isn't a known property of 'a'.[0m [1m[35m[plugin angular-compiler][0m

    src/app/app.html:33:46:
[37m      33 ‚îÇ ...e="active" [32m[routerLinkActiveOptions]="{exact: true}"[37m class="mob...
         ‚ïµ               [32m~~~~~~~~~~~~~~~~~~~~~~~~~~~~~~~~~~~~~~~~~[0m

  Error occurs in the template of component AppComponent.

    src/app/app.ts:8:15:
[37m      8 ‚îÇ   templateUrl: [32m'./app.html'[37m,
        ‚ïµ                [32m~~~~~~~~~~~~[0m


‚ùØ Changes detected. Rebuilding...
‚úî Changes detected. Rebuilding...
Application bundle generation failed. [0.518 seconds]

[31m‚úò [41;31m[[41;97mERROR[41;31m][0m [1mNG8002: Can't bind to 'routerLinkActiveOptions' since it isn't a known property of 'a'.[0m [1m[35m[plugin angular-compiler][0m

    src/app/app.html:15:50:
[37m      15 ‚îÇ ...e="active" [32m[routerLinkActiveOptions]="{exact: true}"[37m class="nav...
         ‚ïµ               [32m~~~~~~~~~~~~~~~~~~~~~~~~~~~~~~~~~~~~~~~~~[0m

  Error occurs in the template of component AppComponent.

    src/app/app.ts:8:15:
[37m      8 ‚îÇ   templateUrl: [32m'./app.html'[37m,
        ‚ïµ                [32m~~~~~~~~~~~~[0m


[31m‚úò [41;31m[[41;97mERROR[41;31m][0m [1mNG8002: Can't bind to 'routerLinkActiveOptions' since it isn't a known property of 'a'.[0m [1m[35m[plugin angular-compiler][0m

    src/app/app.html:33:46:
[37m      33 ‚îÇ ...e="active" [32m[routerLinkActiveOptions]="{exact: true}"[37m class="mob...
         ‚ïµ               [32m~~~~~~~~~~~~~~~~~~~~~~~~~~~~~~~~~~~~~~~~~[0m

  Error occurs in the template of component AppComponent.

    src/app/app.ts:8:15:
[37m      8 ‚îÇ   templateUrl: [32m'./app.html'[37m,
        ‚ïµ                [32m~~~~~~~~~~~~[0m


‚ùØ Changes detected. Rebuilding...
‚úî Changes detected. Rebuilding...
Application bundle generation failed. [0.287 seconds]

[31m‚úò [41;31m[[41;97mERROR[41;31m][0m [1mNG8002: Can't bind to 'routerLinkActiveOptions' since it isn't a known property of 'a'.[0m [1m[35m[plugin angular-compiler][0m

    src/app/app.html:15:50:
[37m      15 ‚îÇ ...e="active" [32m[routerLinkActiveOptions]="{exact: true}"[37m class="nav...
         ‚ïµ               [32m~~~~~~~~~~~~~~~~~~~~~~~~~~~~~~~~~~~~~~~~~[0m

  Error occurs in the template of component AppComponent.

    src/app/app.ts:8:15:
[37m      8 ‚îÇ   templateUrl: [32m'./app.html'[37m,
        ‚ïµ                [32m~~~~~~~~~~~~[0m


[31m‚úò [41;31m[[41;97mERROR[41;31m][0m [1mNG8002: Can't bind to 'routerLinkActiveOptions' since it isn't a known property of 'a'.[0m [1m[35m[plugin angular-compiler][0m

    src/app/app.html:33:46:
[37m      33 ‚îÇ ...e="active" [32m[routerLinkActiveOptions]="{exact: true}"[37m class="mob...
         ‚ïµ               [32m~~~~~~~~~~~~~~~~~~~~~~~~~~~~~~~~~~~~~~~~~[0m

  Error occurs in the template of component AppComponent.

    src/app/app.ts:8:15:
[37m      8 ‚îÇ   templateUrl: [32m'./app.html'[37m,
        ‚ïµ                [32m~~~~~~~~~~~~[0m


‚ùØ Changes detected. Rebuilding...
‚úî Changes detected. Rebuilding...
Application bundle generation failed. [0.237 seconds]

[31m‚úò [41;31m[[41;97mERROR[41;31m][0m [1mNG8002: Can't bind to 'routerLinkActiveOptions' since it isn't a known property of 'a'.[0m [1m[35m[plugin angular-compiler][0m

    src/app/app.html:15:50:
[37m      15 ‚îÇ ...e="active" [32m[routerLinkActiveOptions]="{exact: true}"[37m class="nav...
         ‚ïµ               [32m~~~~~~~~~~~~~~~~~~~~~~~~~~~~~~~~~~~~~~~~~[0m

  Error occurs in the template of component AppComponent.

    src/app/app.ts:8:15:
[37m      8 ‚îÇ   templateUrl: [32m'./app.html'[37m,
        ‚ïµ                [32m~~~~~~~~~~~~[0m


[31m‚úò [41;31m[[41;97mERROR[41;31m][0m [1mNG8002: Can't bind to 'routerLinkActiveOptions' since it isn't a known property of 'a'.[0m [1m[35m[plugin angular-compiler][0m

    src/app/app.html:33:46:
[37m      33 ‚îÇ ...e="active" [32m[routerLinkActiveOptions]="{exact: true}"[37m class="mob...
         ‚ïµ               [32m~~~~~~~~~~~~~~~~~~~~~~~~~~~~~~~~~~~~~~~~~[0m

  Error occurs in the template of component AppComponent.

    src/app/app.ts:8:15:
[37m      8 ‚îÇ   templateUrl: [32m'./app.html'[37m,
        ‚ïµ                [32m~~~~~~~~~~~~[0m


‚ùØ Changes detected. Rebuilding...
‚úî Changes detected. Rebuilding...
Application bundle generation failed. [0.449 seconds]

[31m‚úò [41;31m[[41;97mERROR[41;31m][0m [1mNG8002: Can't bind to 'routerLinkActiveOptions' since it isn't a known property of 'a'.[0m [1m[35m[plugin angular-compiler][0m

    src/app/app.html:15:50:
[37m      15 ‚îÇ ...e="active" [32m[routerLinkActiveOptions]="{exact: true}"[37m class="nav...
         ‚ïµ               [32m~~~~~~~~~~~~~~~~~~~~~~~~~~~~~~~~~~~~~~~~~[0m

  Error occurs in the template of component AppComponent.

    src/app/app.ts:8:15:
[37m      8 ‚îÇ   templateUrl: [32m'./app.html'[37m,
        ‚ïµ                [32m~~~~~~~~~~~~[0m


[31m‚úò [41;31m[[41;97mERROR[41;31m][0m [1mNG8002: Can't bind to 'routerLinkActiveOptions' since it isn't a known property of 'a'.[0m [1m[35m[plugin angular-compiler][0m

    src/app/app.html:33:46:
[37m      33 ‚îÇ ...e="active" [32m[routerLinkActiveOptions]="{exact: true}"[37m class="mob...
         ‚ïµ               [32m~~~~~~~~~~~~~~~~~~~~~~~~~~~~~~~~~~~~~~~~~[0m

  Error occurs in the template of component AppComponent.

    src/app/app.ts:8:15:
[37m      8 ‚îÇ   templateUrl: [32m'./app.html'[37m,
        ‚ïµ                [32m~~~~~~~~~~~~[0m


‚ùØ Changes detected. Rebuilding...
‚úî Changes detected. Rebuilding...
Initial chunk files | Names         |  Raw size
main.js             | main          | 118.33 kB |
styles.css          | styles        |   2.76 kB |
polyfills.js        | polyfills     |  95 bytes |

                    | Initial total | 121.19 kB

Application bundle generation complete. [0.280 seconds]

Page reload sent to client(s).
